<?xml version="1.0" encoding="UTF-8"?>
<!-- Generated by org.testng.reporters.JUnitXMLReporter -->
<testsuite ignored="0" hostname="LAPTOP-B3V8I1HG" failures="0" tests="18" name="Surefire test" time="187.865" errors="0" timestamp="2023-12-11T11:17:54 IST">
  <testcase classname="TestRunner.TestRunner" name="Addition" time="9.046"/>
  <testcase classname="TestRunner.TestRunner" name="Substraction" time="8.139"/>
  <testcase classname="TestRunner.TestRunner" name="Multiplication" time="9.301"/>
  <testcase classname="TestRunner.TestRunner" name="Division" time="11.378"/>
  <testcase classname="TestRunner.TestRunner" name="Logarith" time="12.181"/>
  <testcase classname="TestRunner.TestRunner" name="ln" time="6.987"/>
  <testcase classname="TestRunner.TestRunner" name="Sine" time="5.239"/>
  <testcase classname="TestRunner.TestRunner" name="Cosine" time="7.224"/>
  <testcase classname="TestRunner.TestRunner" name="Tangent" time="5.543"/>
  <testcase classname="TestRunner.TestRunner" name="CelsiusToFahrenheit" time="13.558"/>
  <testcase classname="TestRunner.TestRunner" name="CurrencyConvert" time="10.507"/>
  <testcase classname="TestRunner.TestRunner" name="Area_Convert" time="11.172"/>
  <testcase classname="TestRunner.TestRunner" name="Meter_Centi_met" time="10.275"/>
  <testcase classname="TestRunner.TestRunner" name="Kilo_to_Gram" time="10.31"/>
  <testcase classname="TestRunner.TestRunner" name="Decimal_to_binary" time="9.285"/>
  <testcase classname="TestRunner.TestRunner" name="Met_per_sec_to_Kmps" time="12.05"/>
  <testcase classname="TestRunner.TestRunner" name="Minutes_to_Seconds" time="12.372"/>
  <testcase classname="TestRunner.TestRunner" name="CubicMeter_to_CubicCentimeter" time="7.69"/>
</testsuite> <!-- Surefire test -->
