<?xml version="1.0" encoding="UTF-8"?>
<testsuite xmlns:xsi="http://www.w3.org/2001/XMLSchema-instance" xsi:noNamespaceSchemaLocation="https://maven.apache.org/surefire/maven-surefire-plugin/xsd/surefire-test-report.xsd" name="TestRunner.TestRunner" time="189.248" tests="18" errors="0" skipped="0" failures="0">
  <properties>
[...]
</properties>
  <testcase name="Addition" classname="TestRunner.TestRunner" time="9.143"/>
  <testcase name="Substraction" classname="TestRunner.TestRunner" time="8.143"/>
  <testcase name="Multiplication" classname="TestRunner.TestRunner" time="9.304"/>
  <testcase name="Division" classname="TestRunner.TestRunner" time="11.387"/>
  <testcase name="Logarith" classname="TestRunner.TestRunner" time="12.192"/>
  <testcase name="ln" classname="TestRunner.TestRunner" time="6.987"/>
  <testcase name="Sine" classname="TestRunner.TestRunner" time="5.234"/>
  <testcase name="Cosine" classname="TestRunner.TestRunner" time="7.226"/>
  <testcase name="Tangent" classname="TestRunner.TestRunner" time="5.545"/>
  <testcase name="CelsiusToFahrenheit" classname="TestRunner.TestRunner" time="13.559"/>
  <testcase name="CurrencyConvert" classname="TestRunner.TestRunner" time="10.513"/>
  <testcase name="Area_Convert" classname="TestRunner.TestRunner" time="11.181"/>
  <testcase name="Meter_Centi_met" classname="TestRunner.TestRunner" time="10.274"/>
  <testcase name="Kilo_to_Gram" classname="TestRunner.TestRunner" time="10.31"/>
  <testcase name="Decimal_to_binary" classname="TestRunner.TestRunner" time="9.287"/>
  <testcase name="Met_per_sec_to_Kmps" classname="TestRunner.TestRunner" time="12.069"/>
  <testcase name="Minutes_to_Seconds" classname="TestRunner.TestRunner" time="12.372"/>
  <testcase name="CubicMeter_to_CubicCentimeter" classname="TestRunner.TestRunner" time="7.69"/>
</testsuite>